2026-07-08 08:35:58,690 [DEBUG] httpcore.connection: connect_tcp.started host='localhost' port=11434 local_address=None timeout=180 socket_options=None
2026-07-08 08:35:58,692 [DEBUG] httpcore.connection: connect_tcp.complete return_value=<httpcore._backends.sync.SyncStream object at 0x10a62a700>
2026-07-08 08:35:58,692 [DEBUG] httpcore.http11: send_request_headers.started request=<Request [b'POST']>
2026-07-08 08:35:58,692 [DEBUG] httpcore.http11: send_request_headers.complete
2026-07-08 08:35:58,692 [DEBUG] httpcore.http11: send_request_body.started request=<Request [b'POST']>
2026-07-08 08:35:58,692 [DEBUG] httpcore.http11: send_request_body.complete
2026-07-08 08:35:58,692 [DEBUG] httpcore.http11: receive_response_headers.started request=<Request [b'POST']>
2026-07-08 08:36:43,609 [DEBUG] httpcore.http11: receive_response_headers.complete return_value=(b'HTTP/1.1', 200, b'OK', [(b'Content-Type', b'application/json; charset=utf-8'), (b'Date', b'Wed, 08 Jul 2026 07:36:43 GMT'), (b'Transfer-Encoding', b'chunked')])
2026-07-08 08:36:43,614 [INFO] httpx: HTTP Request: POST http://localhost:11434/api/chat "HTTP/1.1 200 OK"
2026-07-08 08:36:43,614 [DEBUG] httpcore.http11: receive_response_body.started request=<Request [b'POST']>
2026-07-08 08:36:43,614 [DEBUG] httpcore.http11: receive_response_body.complete
2026-07-08 08:36:43,614 [DEBUG] httpcore.http11: response_closed.started
2026-07-08 08:36:43,614 [DEBUG] httpcore.http11: response_closed.complete
2026-07-08 08:36:43,617 [DEBUG] httpcore.http11: send_request_headers.started request=<Request [b'POST']>
2026-07-08 08:36:43,617 [DEBUG] httpcore.http11: send_request_headers.complete
2026-07-08 08:36:43,617 [DEBUG] httpcore.http11: send_request_body.started request=<Request [b'POST']>
2026-07-08 08:36:43,617 [DEBUG] httpcore.http11: send_request_body.complete
2026-07-08 08:36:43,618 [DEBUG] httpcore.http11: receive_response_headers.started request=<Request [b'POST']>
2026-07-08 08:37:53,873 [DEBUG] httpcore.http11: receive_response_headers.complete return_value=(b'HTTP/1.1', 200, b'OK', [(b'Content-Type', b'application/json; charset=utf-8'), (b'Date', b'Wed, 08 Jul 2026 07:37:53 GMT'), (b'Transfer-Encoding', b'chunked')])
2026-07-08 08:37:53,876 [INFO] httpx: HTTP Request: POST http://localhost:11434/api/chat "HTTP/1.1 200 OK"
2026-07-08 08:37:53,876 [DEBUG] httpcore.http11: receive_response_body.started request=<Request [b'POST']>
2026-07-08 08:37:53,877 [DEBUG] httpcore.http11: receive_response_body.complete
2026-07-08 08:37:53,877 [DEBUG] httpcore.http11: response_closed.started
2026-07-08 08:37:53,877 [DEBUG] httpcore.http11: response_closed.complete
2026-07-08 08:37:53,879 [DEBUG] httpcore.http11: send_request_headers.started request=<Request [b'POST']>
2026-07-08 08:37:53,879 [DEBUG] httpcore.http11: send_request_headers.complete
2026-07-08 08:37:53,879 [DEBUG] httpcore.http11: send_request_body.started request=<Request [b'POST']>
2026-07-08 08:37:53,880 [DEBUG] httpcore.http11: send_request_body.complete
2026-07-08 08:37:53,880 [DEBUG] httpcore.http11: receive_response_headers.started request=<Request [b'POST']>
2026-07-08 08:38:25,197 [DEBUG] httpcore.http11: receive_response_headers.complete return_value=(b'HTTP/1.1', 200, b'OK', [(b'Content-Type', b'application/json; charset=utf-8'), (b'Date', b'Wed, 08 Jul 2026 07:38:25 GMT'), (b'Transfer-Encoding', b'chunked')])
2026-07-08 08:38:25,198 [INFO] httpx: HTTP Request: POST http://localhost:11434/api/chat "HTTP/1.1 200 OK"
2026-07-08 08:38:25,198 [DEBUG] httpcore.http11: receive_response_body.started request=<Request [b'POST']>
2026-07-08 08:38:25,198 [DEBUG] httpcore.http11: receive_response_body.complete
2026-07-08 08:38:25,198 [DEBUG] httpcore.http11: response_closed.started
2026-07-08 08:38:25,198 [DEBUG] httpcore.http11: response_closed.complete
2026-07-08 08:38:25,204 [DEBUG] httpcore.http11: send_request_headers.started request=<Request [b'POST']>
2026-07-08 08:38:25,204 [DEBUG] httpcore.http11: send_request_headers.complete
2026-07-08 08:38:25,204 [DEBUG] httpcore.http11: send_request_body.started request=<Request [b'POST']>
2026-07-08 08:38:25,204 [DEBUG] httpcore.http11: send_request_body.complete
2026-07-08 08:38:25,204 [DEBUG] httpcore.http11: receive_response_headers.started request=<Request [b'POST']>
2026-07-08 08:38:44,333 [DEBUG] httpcore.http11: receive_response_headers.complete return_value=(b'HTTP/1.1', 200, b'OK', [(b'Content-Type', b'application/json; charset=utf-8'), (b'Date', b'Wed, 08 Jul 2026 07:38:44 GMT'), (b'Transfer-Encoding', b'chunked')])
2026-07-08 08:38:44,336 [INFO] httpx: HTTP Request: POST http://localhost:11434/api/chat "HTTP/1.1 200 OK"
2026-07-08 08:38:44,336 [DEBUG] httpcore.http11: receive_response_body.started request=<Request [b'POST']>
2026-07-08 08:38:44,336 [DEBUG] httpcore.http11: receive_response_body.complete
2026-07-08 08:38:44,336 [DEBUG] httpcore.http11: response_closed.started
2026-07-08 08:38:44,336 [DEBUG] httpcore.http11: response_closed.complete
2026-07-08 08:38:44,338 [DEBUG] httpcore.http11: send_request_headers.started request=<Request [b'POST']>
2026-07-08 08:38:44,338 [DEBUG] httpcore.http11: send_request_headers.complete
2026-07-08 08:38:44,338 [DEBUG] httpcore.http11: send_request_body.started request=<Request [b'POST']>
2026-07-08 08:38:44,338 [DEBUG] httpcore.http11: send_request_body.complete
2026-07-08 08:38:44,338 [DEBUG] httpcore.http11: receive_response_headers.started request=<Request [b'POST']>
2026-07-08 08:39:04,797 [DEBUG] httpcore.http11: receive_response_headers.complete return_value=(b'HTTP/1.1', 200, b'OK', [(b'Content-Type', b'application/json; charset=utf-8'), (b'Date', b'Wed, 08 Jul 2026 07:39:04 GMT'), (b'Transfer-Encoding', b'chunked')])
2026-07-08 08:39:04,800 [INFO] httpx: HTTP Request: POST http://localhost:11434/api/chat "HTTP/1.1 200 OK"
2026-07-08 08:39:04,800 [DEBUG] httpcore.http11: receive_response_body.started request=<Request [b'POST']>
2026-07-08 08:39:04,800 [DEBUG] httpcore.http11: receive_response_body.complete
2026-07-08 08:39:04,800 [DEBUG] httpcore.http11: response_closed.started
2026-07-08 08:39:04,801 [DEBUG] httpcore.http11: response_closed.complete
2026-07-08 08:39:04,803 [DEBUG] httpcore.http11: send_request_headers.started request=<Request [b'POST']>
2026-07-08 08:39:04,803 [DEBUG] httpcore.http11: send_request_headers.complete
2026-07-08 08:39:04,803 [DEBUG] httpcore.http11: send_request_body.started request=<Request [b'POST']>
2026-07-08 08:39:04,803 [DEBUG] httpcore.http11: send_request_body.complete
2026-07-08 08:39:04,803 [DEBUG] httpcore.http11: receive_response_headers.started request=<Request [b'POST']>
2026-07-08 08:39:19,896 [DEBUG] httpcore.http11: receive_response_headers.complete return_value=(b'HTTP/1.1', 200, b'OK', [(b'Content-Type', b'application/json; charset=utf-8'), (b'Date', b'Wed, 08 Jul 2026 07:39:19 GMT'), (b'Content-Length', b'1852')])
2026-07-08 08:39:19,897 [INFO] httpx: HTTP Request: POST http://localhost:11434/api/chat "HTTP/1.1 200 OK"
2026-07-08 08:39:19,897 [DEBUG] httpcore.http11: receive_response_body.started request=<Request [b'POST']>
2026-07-08 08:39:19,897 [DEBUG] httpcore.http11: receive_response_body.complete
2026-07-08 08:39:19,897 [DEBUG] httpcore.http11: response_closed.started
2026-07-08 08:39:19,897 [DEBUG] httpcore.http11: response_closed.complete
2026-07-08 08:39:19,898 [DEBUG] httpcore.http11: send_request_headers.started request=<Request [b'POST']>
2026-07-08 08:39:19,898 [DEBUG] httpcore.http11: send_request_headers.complete
2026-07-08 08:39:19,898 [DEBUG] httpcore.http11: send_request_body.started request=<Request [b'POST']>
2026-07-08 08:39:19,898 [DEBUG] httpcore.http11: send_request_body.complete
2026-07-08 08:39:19,898 [DEBUG] httpcore.http11: receive_response_headers.started request=<Request [b'POST']>
2026-07-08 08:39:32,666 [DEBUG] httpcore.http11: receive_response_headers.complete return_value=(b'HTTP/1.1', 200, b'OK', [(b'Content-Type', b'application/json; charset=utf-8'), (b'Date', b'Wed, 08 Jul 2026 07:39:32 GMT'), (b'Content-Length', b'1570')])
2026-07-08 08:39:32,668 [INFO] httpx: HTTP Request: POST http://localhost:11434/api/chat "HTTP/1.1 200 OK"
2026-07-08 08:39:32,669 [DEBUG] httpcore.http11: receive_response_body.started request=<Request [b'POST']>
2026-07-08 08:39:32,669 [DEBUG] httpcore.http11: receive_response_body.complete
2026-07-08 08:39:32,669 [DEBUG] httpcore.http11: response_closed.started
2026-07-08 08:39:32,669 [DEBUG] httpcore.http11: response_closed.complete
2026-07-08 08:39:32,669 [WARNING] extraction: schema extraction attempt 1/1 failed: Expecting value: line 27 column 5 (char 927)
